{"uid":"2453bb22dca2f137","name":"Validate the right page","fullName":"com.qabot.LargeDOMTest.testValidatePage","historyId":"10a1c99e30fa7acc4a390c9a332d6655","time":{"start":1688412297942,"stop":1688412297969,"duration":27},"status":"skipped","statusMessage":"Unable to establish websocket connection to http://localhost:46679/devtools/browser/843948ed-943c-4527-b43b-1a84570a1114\nBuild info: version: '4.1.0', revision: '87802e897b'\nSystem info: host: 'fv-az502-91', ip: '10.1.0.99', os.name: 'Linux', os.arch: 'amd64', os.version: '5.15.0-1040-azure', java.version: '11.0.19'\nDriver info: driver.version: ChromeDriver","statusTrace":"org.openqa.selenium.remote.http.ConnectionFailedException: Unable to establish websocket connection to http://localhost:46679/devtools/browser/843948ed-943c-4527-b43b-1a84570a1114\nBuild info: version: '4.1.0', revision: '87802e897b'\nSystem info: host: 'fv-az502-91', ip: '10.1.0.99', os.name: 'Linux', os.arch: 'amd64', os.version: '5.15.0-1040-azure', java.version: '11.0.19'\nDriver info: driver.version: ChromeDriver\n\tat org.openqa.selenium.remote.http.netty.NettyWebSocket.<init>(NettyWebSocket.java:104)\n\tat org.openqa.selenium.remote.http.netty.NettyWebSocket.lambda$create$3(NettyWebSocket.java:137)\n\tat org.openqa.selenium.remote.http.netty.NettyClient.openSocket(NettyClient.java:116)\n\tat org.openqa.selenium.devtools.Connection.<init>(Connection.java:77)\n\tat org.openqa.selenium.chromium.ChromiumDriver.lambda$new$2(ChromiumDriver.java:124)\n\tat java.base/java.util.Optional.map(Optional.java:265)\n\tat org.openqa.selenium.chromium.ChromiumDriver.<init>(ChromiumDriver.java:122)\n\tat org.openqa.selenium.chrome.ChromeDriver.<init>(ChromeDriver.java:104)\n\tat org.openqa.selenium.chrome.ChromeDriver.<init>(ChromeDriver.java:91)\n\tat org.openqa.selenium.chrome.ChromeDriver.<init>(ChromeDriver.java:80)\n\tat com.qabot.utils.DriverGenerator.lambda$static$0(DriverGenerator.java:24)\n\tat com.qabot.utils.DriverGenerator.createDriverInstance(DriverGenerator.java:56)\n\tat com.qabot.utils.DriverGenerator.createDriver(DriverGenerator.java:34)\n\tat com.qabot.MasterTest.beforeClass(MasterTest.java:19)\n\tat java.base/jdk.internal.reflect.NativeMethodAccessorImpl.invoke0(Native Method)\n\tat java.base/jdk.internal.reflect.NativeMethodAccessorImpl.invoke(NativeMethodAccessorImpl.java:62)\n\tat java.base/jdk.internal.reflect.DelegatingMethodAccessorImpl.invoke(DelegatingMethodAccessorImpl.java:43)\n\tat java.base/java.lang.reflect.Method.invoke(Method.java:566)\n\tat org.testng.internal.MethodInvocationHelper.invokeMethod(MethodInvocationHelper.java:133)\n\tat org.testng.internal.MethodInvocationHelper.invokeMethodConsideringTimeout(MethodInvocationHelper.java:62)\n\tat org.testng.internal.ConfigInvoker.invokeConfigurationMethod(ConfigInvoker.java:385)\n\tat org.testng.internal.ConfigInvoker.invokeConfigurations(ConfigInvoker.java:321)\n\tat org.testng.internal.TestMethodWorker.invokeBeforeClassMethods(TestMethodWorker.java:176)\n\tat org.testng.internal.TestMethodWorker.run(TestMethodWorker.java:122)\n\tat java.base/java.util.concurrent.ThreadPoolExecutor.runWorker(ThreadPoolExecutor.java:1128)\n\tat java.base/java.util.concurrent.ThreadPoolExecutor$Worker.run(ThreadPoolExecutor.java:628)\n\tat java.base/java.lang.Thread.run(Thread.java:829)\n","flaky":false,"newFailed":false,"newBroken":false,"newPassed":false,"retriesCount":0,"retriesStatusChange":false,"beforeStages":[{"name":"beforeClass","time":{"start":1688412296303,"stop":1688412297784,"duration":1481},"description":"","status":"broken","statusMessage":"Unable to establish websocket connection to http://localhost:46679/devtools/browser/843948ed-943c-4527-b43b-1a84570a1114\nBuild info: version: '4.1.0', revision: '87802e897b'\nSystem info: host: 'fv-az502-91', ip: '10.1.0.99', os.name: 'Linux', os.arch: 'amd64', os.version: '5.15.0-1040-azure', java.version: '11.0.19'\nDriver info: driver.version: ChromeDriver","statusTrace":"org.openqa.selenium.remote.http.ConnectionFailedException: Unable to establish websocket connection to http://localhost:46679/devtools/browser/843948ed-943c-4527-b43b-1a84570a1114\nBuild info: version: '4.1.0', revision: '87802e897b'\nSystem info: host: 'fv-az502-91', ip: '10.1.0.99', os.name: 'Linux', os.arch: 'amd64', os.version: '5.15.0-1040-azure', java.version: '11.0.19'\nDriver info: driver.version: ChromeDriver\n\tat org.openqa.selenium.remote.http.netty.NettyWebSocket.<init>(NettyWebSocket.java:104)\n\tat org.openqa.selenium.remote.http.netty.NettyWebSocket.lambda$create$3(NettyWebSocket.java:137)\n\tat org.openqa.selenium.remote.http.netty.NettyClient.openSocket(NettyClient.java:116)\n\tat org.openqa.selenium.devtools.Connection.<init>(Connection.java:77)\n\tat org.openqa.selenium.chromium.ChromiumDriver.lambda$new$2(ChromiumDriver.java:124)\n\tat java.base/java.util.Optional.map(Optional.java:265)\n\tat org.openqa.selenium.chromium.ChromiumDriver.<init>(ChromiumDriver.java:122)\n\tat org.openqa.selenium.chrome.ChromeDriver.<init>(ChromeDriver.java:104)\n\tat org.openqa.selenium.chrome.ChromeDriver.<init>(ChromeDriver.java:91)\n\tat org.openqa.selenium.chrome.ChromeDriver.<init>(ChromeDriver.java:80)\n\tat com.qabot.utils.DriverGenerator.lambda$static$0(DriverGenerator.java:24)\n\tat com.qabot.utils.DriverGenerator.createDriverInstance(DriverGenerator.java:56)\n\tat com.qabot.utils.DriverGenerator.createDriver(DriverGenerator.java:34)\n\tat com.qabot.MasterTest.beforeClass(MasterTest.java:19)\n\tat java.base/jdk.internal.reflect.NativeMethodAccessorImpl.invoke0(Native Method)\n\tat java.base/jdk.internal.reflect.NativeMethodAccessorImpl.invoke(NativeMethodAccessorImpl.java:62)\n\tat java.base/jdk.internal.reflect.DelegatingMethodAccessorImpl.invoke(DelegatingMethodAccessorImpl.java:43)\n\tat java.base/java.lang.reflect.Method.invoke(Method.java:566)\n\tat org.testng.internal.MethodInvocationHelper.invokeMethod(MethodInvocationHelper.java:133)\n\tat org.testng.internal.MethodInvocationHelper.invokeMethodConsideringTimeout(MethodInvocationHelper.java:62)\n\tat org.testng.internal.ConfigInvoker.invokeConfigurationMethod(ConfigInvoker.java:385)\n\tat org.testng.internal.ConfigInvoker.invokeConfigurations(ConfigInvoker.java:321)\n\tat org.testng.internal.TestMethodWorker.invokeBeforeClassMethods(TestMethodWorker.java:176)\n\tat org.testng.internal.TestMethodWorker.run(TestMethodWorker.java:122)\n\tat java.base/java.util.concurrent.ThreadPoolExecutor.runWorker(ThreadPoolExecutor.java:1128)\n\tat java.base/java.util.concurrent.ThreadPoolExecutor$Worker.run(ThreadPoolExecutor.java:628)\n\tat java.base/java.lang.Thread.run(Thread.java:829)\n","steps":[],"attachments":[],"parameters":[],"stepsCount":0,"attachmentsCount":0,"shouldDisplayMessage":true,"hasContent":true},{"name":"beforeMethod","time":{"start":1688412297889,"stop":1688412297889,"duration":0},"description":"","status":"broken","steps":[],"attachments":[],"parameters":[],"stepsCount":0,"attachmentsCount":0,"shouldDisplayMessage":false,"hasContent":false}],"afterStages":[{"name":"tearDown","time":{"start":1688412298318,"stop":1688412298318,"duration":0},"description":"","status":"broken","steps":[],"attachments":[],"parameters":[],"stepsCount":0,"attachmentsCount":0,"shouldDisplayMessage":false,"hasContent":false}],"labels":[{"name":"package","value":"com.qabot.LargeDOMTest"},{"name":"testClass","value":"com.qabot.LargeDOMTest"},{"name":"testMethod","value":"testValidatePage"},{"name":"parentSuite","value":"All Test Suite"},{"name":"suite","value":"Test name"},{"name":"subSuite","value":"com.qabot.LargeDOMTest"},{"name":"host","value":"fv-az502-91"},{"name":"thread","value":"2441@fv-az502-91.TestNG-test=Test name-6(20)"},{"name":"framework","value":"testng"},{"name":"language","value":"java"},{"name":"resultFormat","value":"allure2"}],"parameters":[],"links":[],"hidden":false,"retry":false,"extra":{"severity":"normal","retries":[],"categories":[],"history":{"statistic":{"failed":0,"broken":0,"skipped":1,"passed":5,"unknown":0,"total":6},"items":[{"uid":"f8bf098777c8a371","reportUrl":"https://Abdel-AzeemHU.github.io/selenium-web-ui/12//#testresult/f8bf098777c8a371","status":"passed","time":{"start":1642804840935,"stop":1642804842159,"duration":1224}},{"uid":"de27bca5e78b3918","reportUrl":"https://Abdel-AzeemHU.github.io/selenium-web-ui/11//#testresult/de27bca5e78b3918","status":"passed","time":{"start":1641473032080,"stop":1641473033081,"duration":1001}},{"uid":"ea693954371e3da4","reportUrl":"https://Abdel-AzeemHU.github.io/selenium-web-ui/10//#testresult/ea693954371e3da4","status":"passed","time":{"start":1641468112802,"stop":1641468114446,"duration":1644}},{"uid":"8ff1aa41669d272e","reportUrl":"https://Abdel-AzeemHU.github.io/selenium-web-ui/9//#testresult/8ff1aa41669d272e","status":"passed","time":{"start":1641057125276,"stop":1641057126880,"duration":1604}},{"uid":"d945a7c0aa04f216","reportUrl":"https://Abdel-AzeemHU.github.io/selenium-web-ui/3//#testresult/d945a7c0aa04f216","status":"passed","time":{"start":1640779447736,"stop":1640779448033,"duration":297}}]},"tags":[]},"source":"2453bb22dca2f137.json","parameterValues":[]}