{"uid":"adccbe9472967ff0","name":"Validate the page","fullName":"com.qabot.FrameTest.testFramePage","historyId":"799a3f6eb42965e3062bcaac09d9aec0","time":{"start":1688412297897,"stop":1688412297901,"duration":4},"status":"skipped","statusMessage":"Unable to establish websocket connection to http://localhost:38929/devtools/browser/6f432dff-ddba-4246-b2cf-893fcabbfac4\nBuild info: version: '4.1.0', revision: '87802e897b'\nSystem info: host: 'fv-az502-91', ip: '10.1.0.99', os.name: 'Linux', os.arch: 'amd64', os.version: '5.15.0-1040-azure', java.version: '11.0.19'\nDriver info: driver.version: ChromeDriver","statusTrace":"org.openqa.selenium.remote.http.ConnectionFailedException: Unable to establish websocket connection to http://localhost:38929/devtools/browser/6f432dff-ddba-4246-b2cf-893fcabbfac4\nBuild info: version: '4.1.0', revision: '87802e897b'\nSystem info: host: 'fv-az502-91', ip: '10.1.0.99', os.name: 'Linux', os.arch: 'amd64', os.version: '5.15.0-1040-azure', java.version: '11.0.19'\nDriver info: driver.version: ChromeDriver\n\tat org.openqa.selenium.remote.http.netty.NettyWebSocket.<init>(NettyWebSocket.java:104)\n\tat org.openqa.selenium.remote.http.netty.NettyWebSocket.lambda$create$3(NettyWebSocket.java:137)\n\tat org.openqa.selenium.remote.http.netty.NettyClient.openSocket(NettyClient.java:116)\n\tat org.openqa.selenium.devtools.Connection.<init>(Connection.java:77)\n\tat org.openqa.selenium.chromium.ChromiumDriver.lambda$new$2(ChromiumDriver.java:124)\n\tat java.base/java.util.Optional.map(Optional.java:265)\n\tat org.openqa.selenium.chromium.ChromiumDriver.<init>(ChromiumDriver.java:122)\n\tat org.openqa.selenium.chrome.ChromeDriver.<init>(ChromeDriver.java:104)\n\tat org.openqa.selenium.chrome.ChromeDriver.<init>(ChromeDriver.java:91)\n\tat org.openqa.selenium.chrome.ChromeDriver.<init>(ChromeDriver.java:80)\n\tat com.qabot.utils.DriverGenerator.lambda$static$0(DriverGenerator.java:24)\n\tat com.qabot.utils.DriverGenerator.createDriverInstance(DriverGenerator.java:56)\n\tat com.qabot.utils.DriverGenerator.createDriver(DriverGenerator.java:34)\n\tat com.qabot.MasterTest.beforeClass(MasterTest.java:19)\n\tat java.base/jdk.internal.reflect.NativeMethodAccessorImpl.invoke0(Native Method)\n\tat java.base/jdk.internal.reflect.NativeMethodAccessorImpl.invoke(NativeMethodAccessorImpl.java:62)\n\tat java.base/jdk.internal.reflect.DelegatingMethodAccessorImpl.invoke(DelegatingMethodAccessorImpl.java:43)\n\tat java.base/java.lang.reflect.Method.invoke(Method.java:566)\n\tat org.testng.internal.MethodInvocationHelper.invokeMethod(MethodInvocationHelper.java:133)\n\tat org.testng.internal.MethodInvocationHelper.invokeMethodConsideringTimeout(MethodInvocationHelper.java:62)\n\tat org.testng.internal.ConfigInvoker.invokeConfigurationMethod(ConfigInvoker.java:385)\n\tat org.testng.internal.ConfigInvoker.invokeConfigurations(ConfigInvoker.java:321)\n\tat org.testng.internal.TestMethodWorker.invokeBeforeClassMethods(TestMethodWorker.java:176)\n\tat org.testng.internal.TestMethodWorker.run(TestMethodWorker.java:122)\n\tat java.base/java.util.concurrent.ThreadPoolExecutor.runWorker(ThreadPoolExecutor.java:1128)\n\tat java.base/java.util.concurrent.ThreadPoolExecutor$Worker.run(ThreadPoolExecutor.java:628)\n\tat java.base/java.lang.Thread.run(Thread.java:829)\n","flaky":false,"newFailed":false,"newBroken":false,"newPassed":false,"retriesCount":0,"retriesStatusChange":false,"beforeStages":[{"name":"beforeClass","time":{"start":1688412296284,"stop":1688412297687,"duration":1403},"description":"","status":"broken","statusMessage":"Unable to establish websocket connection to http://localhost:38929/devtools/browser/6f432dff-ddba-4246-b2cf-893fcabbfac4\nBuild info: version: '4.1.0', revision: '87802e897b'\nSystem info: host: 'fv-az502-91', ip: '10.1.0.99', os.name: 'Linux', os.arch: 'amd64', os.version: '5.15.0-1040-azure', java.version: '11.0.19'\nDriver info: driver.version: ChromeDriver","statusTrace":"org.openqa.selenium.remote.http.ConnectionFailedException: Unable to establish websocket connection to http://localhost:38929/devtools/browser/6f432dff-ddba-4246-b2cf-893fcabbfac4\nBuild info: version: '4.1.0', revision: '87802e897b'\nSystem info: host: 'fv-az502-91', ip: '10.1.0.99', os.name: 'Linux', os.arch: 'amd64', os.version: '5.15.0-1040-azure', java.version: '11.0.19'\nDriver info: driver.version: ChromeDriver\n\tat org.openqa.selenium.remote.http.netty.NettyWebSocket.<init>(NettyWebSocket.java:104)\n\tat org.openqa.selenium.remote.http.netty.NettyWebSocket.lambda$create$3(NettyWebSocket.java:137)\n\tat org.openqa.selenium.remote.http.netty.NettyClient.openSocket(NettyClient.java:116)\n\tat org.openqa.selenium.devtools.Connection.<init>(Connection.java:77)\n\tat org.openqa.selenium.chromium.ChromiumDriver.lambda$new$2(ChromiumDriver.java:124)\n\tat java.base/java.util.Optional.map(Optional.java:265)\n\tat org.openqa.selenium.chromium.ChromiumDriver.<init>(ChromiumDriver.java:122)\n\tat org.openqa.selenium.chrome.ChromeDriver.<init>(ChromeDriver.java:104)\n\tat org.openqa.selenium.chrome.ChromeDriver.<init>(ChromeDriver.java:91)\n\tat org.openqa.selenium.chrome.ChromeDriver.<init>(ChromeDriver.java:80)\n\tat com.qabot.utils.DriverGenerator.lambda$static$0(DriverGenerator.java:24)\n\tat com.qabot.utils.DriverGenerator.createDriverInstance(DriverGenerator.java:56)\n\tat com.qabot.utils.DriverGenerator.createDriver(DriverGenerator.java:34)\n\tat com.qabot.MasterTest.beforeClass(MasterTest.java:19)\n\tat java.base/jdk.internal.reflect.NativeMethodAccessorImpl.invoke0(Native Method)\n\tat java.base/jdk.internal.reflect.NativeMethodAccessorImpl.invoke(NativeMethodAccessorImpl.java:62)\n\tat java.base/jdk.internal.reflect.DelegatingMethodAccessorImpl.invoke(DelegatingMethodAccessorImpl.java:43)\n\tat java.base/java.lang.reflect.Method.invoke(Method.java:566)\n\tat org.testng.internal.MethodInvocationHelper.invokeMethod(MethodInvocationHelper.java:133)\n\tat org.testng.internal.MethodInvocationHelper.invokeMethodConsideringTimeout(MethodInvocationHelper.java:62)\n\tat org.testng.internal.ConfigInvoker.invokeConfigurationMethod(ConfigInvoker.java:385)\n\tat org.testng.internal.ConfigInvoker.invokeConfigurations(ConfigInvoker.java:321)\n\tat org.testng.internal.TestMethodWorker.invokeBeforeClassMethods(TestMethodWorker.java:176)\n\tat org.testng.internal.TestMethodWorker.run(TestMethodWorker.java:122)\n\tat java.base/java.util.concurrent.ThreadPoolExecutor.runWorker(ThreadPoolExecutor.java:1128)\n\tat java.base/java.util.concurrent.ThreadPoolExecutor$Worker.run(ThreadPoolExecutor.java:628)\n\tat java.base/java.lang.Thread.run(Thread.java:829)\n","steps":[],"attachments":[],"parameters":[],"stepsCount":0,"attachmentsCount":0,"shouldDisplayMessage":true,"hasContent":true},{"name":"beforeMethod","time":{"start":1688412297875,"stop":1688412297875,"duration":0},"description":"","status":"broken","steps":[],"attachments":[],"parameters":[],"stepsCount":0,"attachmentsCount":0,"shouldDisplayMessage":false,"hasContent":false}],"afterStages":[{"name":"tearDown","time":{"start":1688412298025,"stop":1688412298025,"duration":0},"description":"","status":"broken","steps":[],"attachments":[],"parameters":[],"stepsCount":0,"attachmentsCount":0,"shouldDisplayMessage":false,"hasContent":false}],"labels":[{"name":"package","value":"com.qabot.FrameTest"},{"name":"testClass","value":"com.qabot.FrameTest"},{"name":"testMethod","value":"testFramePage"},{"name":"parentSuite","value":"All Test Suite"},{"name":"suite","value":"Test name"},{"name":"subSuite","value":"com.qabot.FrameTest"},{"name":"host","value":"fv-az502-91"},{"name":"thread","value":"2441@fv-az502-91.TestNG-test=Test name-1(15)"},{"name":"framework","value":"testng"},{"name":"language","value":"java"},{"name":"resultFormat","value":"allure2"}],"parameters":[],"links":[],"hidden":false,"retry":false,"extra":{"severity":"normal","retries":[],"categories":[],"history":{"statistic":{"failed":0,"broken":0,"skipped":1,"passed":2,"unknown":0,"total":3},"items":[{"uid":"99838a75c404afd3","reportUrl":"https://Abdel-AzeemHU.github.io/selenium-web-ui/12//#testresult/99838a75c404afd3","status":"passed","time":{"start":1642804840317,"stop":1642804840965,"duration":648}},{"uid":"cd40679cd61c3675","reportUrl":"https://Abdel-AzeemHU.github.io/selenium-web-ui/10//#testresult/cd40679cd61c3675","status":"passed","time":{"start":1641468112633,"stop":1641468113354,"duration":721}}]},"tags":[]},"source":"adccbe9472967ff0.json","parameterValues":[]}