{"uid":"b155d2311bf9e228","name":"Show the checkbox","fullName":"com.qabot.DynamicControlTest.testAddCheckbox","historyId":"344107d525f053ad4c05b6fb471a144a","time":{"start":1688412297911,"stop":1688412297911,"duration":0},"status":"skipped","statusMessage":"Unable to establish websocket connection to http://localhost:45669/devtools/browser/c13984d3-2f6e-4037-b8f8-7e049fd4f006\nBuild info: version: '4.1.0', revision: '87802e897b'\nSystem info: host: 'fv-az502-91', ip: '10.1.0.99', os.name: 'Linux', os.arch: 'amd64', os.version: '5.15.0-1040-azure', java.version: '11.0.19'\nDriver info: driver.version: ChromeDriver","statusTrace":"org.openqa.selenium.remote.http.ConnectionFailedException: Unable to establish websocket connection to http://localhost:45669/devtools/browser/c13984d3-2f6e-4037-b8f8-7e049fd4f006\nBuild info: version: '4.1.0', revision: '87802e897b'\nSystem info: host: 'fv-az502-91', ip: '10.1.0.99', os.name: 'Linux', os.arch: 'amd64', os.version: '5.15.0-1040-azure', java.version: '11.0.19'\nDriver info: driver.version: ChromeDriver\n\tat org.openqa.selenium.remote.http.netty.NettyWebSocket.<init>(NettyWebSocket.java:104)\n\tat org.openqa.selenium.remote.http.netty.NettyWebSocket.lambda$create$3(NettyWebSocket.java:137)\n\tat org.openqa.selenium.remote.http.netty.NettyClient.openSocket(NettyClient.java:116)\n\tat org.openqa.selenium.devtools.Connection.<init>(Connection.java:77)\n\tat org.openqa.selenium.chromium.ChromiumDriver.lambda$new$2(ChromiumDriver.java:124)\n\tat java.base/java.util.Optional.map(Optional.java:265)\n\tat org.openqa.selenium.chromium.ChromiumDriver.<init>(ChromiumDriver.java:122)\n\tat org.openqa.selenium.chrome.ChromeDriver.<init>(ChromeDriver.java:104)\n\tat org.openqa.selenium.chrome.ChromeDriver.<init>(ChromeDriver.java:91)\n\tat org.openqa.selenium.chrome.ChromeDriver.<init>(ChromeDriver.java:80)\n\tat com.qabot.utils.DriverGenerator.lambda$static$0(DriverGenerator.java:24)\n\tat com.qabot.utils.DriverGenerator.createDriverInstance(DriverGenerator.java:56)\n\tat com.qabot.utils.DriverGenerator.createDriver(DriverGenerator.java:34)\n\tat com.qabot.MasterTest.beforeClass(MasterTest.java:19)\n\tat java.base/jdk.internal.reflect.NativeMethodAccessorImpl.invoke0(Native Method)\n\tat java.base/jdk.internal.reflect.NativeMethodAccessorImpl.invoke(NativeMethodAccessorImpl.java:62)\n\tat java.base/jdk.internal.reflect.DelegatingMethodAccessorImpl.invoke(DelegatingMethodAccessorImpl.java:43)\n\tat java.base/java.lang.reflect.Method.invoke(Method.java:566)\n\tat org.testng.internal.MethodInvocationHelper.invokeMethod(MethodInvocationHelper.java:133)\n\tat org.testng.internal.MethodInvocationHelper.invokeMethodConsideringTimeout(MethodInvocationHelper.java:62)\n\tat org.testng.internal.ConfigInvoker.invokeConfigurationMethod(ConfigInvoker.java:385)\n\tat org.testng.internal.ConfigInvoker.invokeConfigurations(ConfigInvoker.java:321)\n\tat org.testng.internal.TestMethodWorker.invokeBeforeClassMethods(TestMethodWorker.java:176)\n\tat org.testng.internal.TestMethodWorker.run(TestMethodWorker.java:122)\n\tat java.base/java.util.concurrent.ThreadPoolExecutor.runWorker(ThreadPoolExecutor.java:1128)\n\tat java.base/java.util.concurrent.ThreadPoolExecutor$Worker.run(ThreadPoolExecutor.java:628)\n\tat java.base/java.lang.Thread.run(Thread.java:829)\n","flaky":false,"newFailed":false,"newBroken":false,"newPassed":false,"retriesCount":0,"retriesStatusChange":false,"beforeStages":[{"name":"beforeClass","time":{"start":1688412296186,"stop":1688412297645,"duration":1459},"description":"","status":"broken","statusMessage":"Unable to establish websocket connection to http://localhost:45669/devtools/browser/c13984d3-2f6e-4037-b8f8-7e049fd4f006\nBuild info: version: '4.1.0', revision: '87802e897b'\nSystem info: host: 'fv-az502-91', ip: '10.1.0.99', os.name: 'Linux', os.arch: 'amd64', os.version: '5.15.0-1040-azure', java.version: '11.0.19'\nDriver info: driver.version: ChromeDriver","statusTrace":"org.openqa.selenium.remote.http.ConnectionFailedException: Unable to establish websocket connection to http://localhost:45669/devtools/browser/c13984d3-2f6e-4037-b8f8-7e049fd4f006\nBuild info: version: '4.1.0', revision: '87802e897b'\nSystem info: host: 'fv-az502-91', ip: '10.1.0.99', os.name: 'Linux', os.arch: 'amd64', os.version: '5.15.0-1040-azure', java.version: '11.0.19'\nDriver info: driver.version: ChromeDriver\n\tat org.openqa.selenium.remote.http.netty.NettyWebSocket.<init>(NettyWebSocket.java:104)\n\tat org.openqa.selenium.remote.http.netty.NettyWebSocket.lambda$create$3(NettyWebSocket.java:137)\n\tat org.openqa.selenium.remote.http.netty.NettyClient.openSocket(NettyClient.java:116)\n\tat org.openqa.selenium.devtools.Connection.<init>(Connection.java:77)\n\tat org.openqa.selenium.chromium.ChromiumDriver.lambda$new$2(ChromiumDriver.java:124)\n\tat java.base/java.util.Optional.map(Optional.java:265)\n\tat org.openqa.selenium.chromium.ChromiumDriver.<init>(ChromiumDriver.java:122)\n\tat org.openqa.selenium.chrome.ChromeDriver.<init>(ChromeDriver.java:104)\n\tat org.openqa.selenium.chrome.ChromeDriver.<init>(ChromeDriver.java:91)\n\tat org.openqa.selenium.chrome.ChromeDriver.<init>(ChromeDriver.java:80)\n\tat com.qabot.utils.DriverGenerator.lambda$static$0(DriverGenerator.java:24)\n\tat com.qabot.utils.DriverGenerator.createDriverInstance(DriverGenerator.java:56)\n\tat com.qabot.utils.DriverGenerator.createDriver(DriverGenerator.java:34)\n\tat com.qabot.MasterTest.beforeClass(MasterTest.java:19)\n\tat java.base/jdk.internal.reflect.NativeMethodAccessorImpl.invoke0(Native Method)\n\tat java.base/jdk.internal.reflect.NativeMethodAccessorImpl.invoke(NativeMethodAccessorImpl.java:62)\n\tat java.base/jdk.internal.reflect.DelegatingMethodAccessorImpl.invoke(DelegatingMethodAccessorImpl.java:43)\n\tat java.base/java.lang.reflect.Method.invoke(Method.java:566)\n\tat org.testng.internal.MethodInvocationHelper.invokeMethod(MethodInvocationHelper.java:133)\n\tat org.testng.internal.MethodInvocationHelper.invokeMethodConsideringTimeout(MethodInvocationHelper.java:62)\n\tat org.testng.internal.ConfigInvoker.invokeConfigurationMethod(ConfigInvoker.java:385)\n\tat org.testng.internal.ConfigInvoker.invokeConfigurations(ConfigInvoker.java:321)\n\tat org.testng.internal.TestMethodWorker.invokeBeforeClassMethods(TestMethodWorker.java:176)\n\tat org.testng.internal.TestMethodWorker.run(TestMethodWorker.java:122)\n\tat java.base/java.util.concurrent.ThreadPoolExecutor.runWorker(ThreadPoolExecutor.java:1128)\n\tat java.base/java.util.concurrent.ThreadPoolExecutor$Worker.run(ThreadPoolExecutor.java:628)\n\tat java.base/java.lang.Thread.run(Thread.java:829)\n","steps":[],"attachments":[],"parameters":[],"stepsCount":0,"attachmentsCount":0,"shouldDisplayMessage":true,"hasContent":true},{"name":"beforeMethod","time":{"start":1688412297909,"stop":1688412297909,"duration":0},"description":"","status":"broken","steps":[],"attachments":[],"parameters":[],"stepsCount":0,"attachmentsCount":0,"shouldDisplayMessage":false,"hasContent":false}],"afterStages":[{"name":"tearDown","time":{"start":1688412297994,"stop":1688412297994,"duration":0},"description":"","status":"broken","steps":[],"attachments":[],"parameters":[],"stepsCount":0,"attachmentsCount":0,"shouldDisplayMessage":false,"hasContent":false}],"labels":[{"name":"package","value":"com.qabot.DynamicControlTest"},{"name":"testClass","value":"com.qabot.DynamicControlTest"},{"name":"testMethod","value":"testAddCheckbox"},{"name":"parentSuite","value":"All Test Suite"},{"name":"suite","value":"Test name"},{"name":"subSuite","value":"com.qabot.DynamicControlTest"},{"name":"host","value":"fv-az502-91"},{"name":"thread","value":"2441@fv-az502-91.TestNG-test=Test name-2(16)"},{"name":"framework","value":"testng"},{"name":"language","value":"java"},{"name":"resultFormat","value":"allure2"}],"parameters":[],"links":[],"hidden":false,"retry":false,"extra":{"severity":"normal","retries":[],"categories":[],"history":{"statistic":{"failed":0,"broken":0,"skipped":1,"passed":5,"unknown":0,"total":6},"items":[{"uid":"f87360aa04fd27d4","reportUrl":"https://Abdel-AzeemHU.github.io/selenium-web-ui/12//#testresult/f87360aa04fd27d4","status":"passed","time":{"start":1642804885098,"stop":1642804888204,"duration":3106}},{"uid":"39c25b70a116f4b3","reportUrl":"https://Abdel-AzeemHU.github.io/selenium-web-ui/11//#testresult/39c25b70a116f4b3","status":"passed","time":{"start":1641473072968,"stop":1641473076090,"duration":3122}},{"uid":"22a11218cd0cedb6","reportUrl":"https://Abdel-AzeemHU.github.io/selenium-web-ui/10//#testresult/22a11218cd0cedb6","status":"passed","time":{"start":1641468156703,"stop":1641468159827,"duration":3124}},{"uid":"bdb9e1ab14d66a0a","reportUrl":"https://Abdel-AzeemHU.github.io/selenium-web-ui/9//#testresult/bdb9e1ab14d66a0a","status":"passed","time":{"start":1641057165076,"stop":1641057168222,"duration":3146}},{"uid":"c6a8414356a086c5","reportUrl":"https://Abdel-AzeemHU.github.io/selenium-web-ui/3//#testresult/c6a8414356a086c5","status":"passed","time":{"start":1640779484217,"stop":1640779487374,"duration":3157}}]},"tags":[]},"source":"b155d2311bf9e228.json","parameterValues":[]}